2017-07-30 12:59:05 INFO  TestBase:199 - Report is Started
2017-07-30 12:59:05 INFO  HomePage:238 - Moving cursor on main menu fields :Men
2017-07-30 12:59:05 INFO  HomePage:238 - Moving cursor on sub menu fields :Thermals
2017-07-30 12:59:05 INFO  HomePage:238 - Clicking the Sub menu option. The option name is :Thermals
2017-07-30 13:00:09 INFO  ListingPage:323 - Scrolling the page Now project count is :20
2017-07-30 13:01:10 INFO  ListingPage:323 - Scrolling the page Now project count is :20
2017-07-30 13:01:11 INFO  ListingPage:323 - Thermal Henley T-shirt 300-526
2017-07-30 13:01:12 INFO  ListingPage:323 - Men Thermal T-shirt-314
2017-07-30 13:01:12 INFO  ListingPage:323 - Thermal T-shirt-1499
2017-07-30 13:01:13 INFO  ListingPage:323 - Thermal Henley T-shirt 300-526
2017-07-30 13:01:13 INFO  ListingPage:323 - Thermal Henley T-shirt 300-526
2017-07-30 13:01:14 INFO  ListingPage:323 - Men Thermal Bottoms 300-526
2017-07-30 13:01:15 INFO  ListingPage:323 - Thermal T-shirt-1699
2017-07-30 13:01:15 INFO  ListingPage:323 - Men Thermal Bottoms-1189
2017-07-30 13:01:16 INFO  ListingPage:323 - Thermal Bottoms BW4-272
2017-07-30 13:01:16 INFO  ListingPage:323 - Men Thermal Long Johns-472
2017-07-30 13:01:17 INFO  ListingPage:323 - Thermal T-shirt-1999
2017-07-30 13:01:18 INFO  ListingPage:323 - Men Thermal Bottoms-1749
2017-07-30 13:01:18 INFO  ListingPage:323 - Cotton Rich Thermal T-shirt-1699
2017-07-30 13:01:19 INFO  ListingPage:323 - Men Thermal Bottoms-2499
2017-07-30 13:01:19 INFO  ListingPage:323 - Jockey THERMALS Men White Thermal T-shirt 2400-489
2017-07-30 13:01:20 INFO  ListingPage:323 - Men Thermal Bottoms 300-526
2017-07-30 13:01:21 INFO  ListingPage:323 - Men Thermal T-shirt-262
2017-07-30 13:01:21 INFO  ListingPage:323 - Duke Men Grey Thermal Bottom-228
2017-07-30 13:01:22 INFO  ListingPage:323 - Thermal T-shirt-2499
2017-07-30 13:01:22 INFO  ListingPage:323 - Ribbed Thermal T-shirt-1999
2017-07-30 13:01:22 INFO  ListingPage:323 - Moveing the cursor to given project.
2017-07-30 13:01:22 INFO  ListingPage:323 - Given project name page is opening
2017-07-30 13:01:49 INFO  ProjectViewPage:76 - Getting the project name in project view page. project name object is :[[ChromeDriver: chrome on XP (d23931b3ffe0ebb00a96513bde388bc6)] -> xpath: //*[@id='mountRoot']/div/div/main/div[2]/div[2]/div[1]/h1]
2017-07-30 13:01:49 INFO  ProjectViewPage:76 - Getting the price of the project in project view page. Price object is :[[ChromeDriver: chrome on XP (d23931b3ffe0ebb00a96513bde388bc6)] -> xpath: //*[@id='mountRoot']/div/div/main/div[2]/div[2]/div[1]/p[2]/strong]
2017-07-30 13:01:49 INFO  ProjectViewPage:76 - Click on the add button with out select the size of the product Add button Object is  :[[ChromeDriver: chrome on XP (d23931b3ffe0ebb00a96513bde388bc6)] -> xpath: //*[@id='mountRoot']/div/div/main/div[2]/div[2]/div[4]/button[2]]
2017-07-30 13:01:49 INFO  ProjectViewPage:76 - Click on the add button before select the size of the product :[[ChromeDriver: chrome on XP (d23931b3ffe0ebb00a96513bde388bc6)] -> xpath: //*[@id='mountRoot']/div/div/main/div[2]/div[2]/div[4]/button[2]]
2017-07-30 13:01:52 INFO  ProjectViewPage:76 - Verify the wishlist project count. And Wishlist Object is  :[[ChromeDriver: chrome on XP (d23931b3ffe0ebb00a96513bde388bc6)] -> xpath: //*[@id='desktop-header-cnt']/div/div[2]/a/span[2]]
2017-07-30 13:02:01 INFO  TestBase:208 - Test is Ended
